<?xml version="1.0" encoding="UTF-8"?>
<!-- Generated by org.testng.reporters.JUnitXMLReporter -->
<testsuite hostname="DESKTOP-K1HE33L" ignored="0" name="Default test" tests="3" failures="0" timestamp="24 Jul 2020 19:16:54 GMT" time="0.646" errors="0">
  <testcase name="f" time="0.012" classname="excelOperations.DataManagementWithHashTable"/>
  <testcase name="f" time="0.001" classname="excelOperations.DataManagementWithHashTable"/>
  <testcase name="f" time="0.001" classname="excelOperations.DataManagementWithHashTable"/>
</testsuite> <!-- Default test -->
