<?xml version="1.0" encoding="UTF-8"?>
<!-- Generated by org.testng.reporters.JUnitXMLReporter -->
<testsuite hostname="DESKTOP-K1HE33L" ignored="0" name="multiBrowserTest" tests="1" failures="0" timestamp="24 Jun 2020 00:06:29 GMT" time="0.227" errors="0">
  <testcase name="@BeforeMethod beforeMethod" time="0.176" classname="com.selenium.runTHROUGHXML.CheckBox1">
    <failure type="java.lang.NullPointerException">
      <![CDATA[java.lang.NullPointerException
at com.selenium.maven.AprilSeleniumMaven2pm.BaseTestRunThruXML.navigateUrl(BaseTestRunThruXML.java:106)
at com.selenium.runTHROUGHXML.CheckBox1.beforeMethod(CheckBox1.java:30)
... Removed 28 stack frames]]>
    </failure>
  </testcase> <!-- @BeforeMethod beforeMethod -->
  <testcase name="@AfterMethod afterMethod" time="0.0" classname="com.selenium.runTHROUGHXML.CheckBox1">
    <skipped/>
  </testcase> <!-- @AfterMethod afterMethod -->
  <testcase name="checkboxTest" time="0.0" classname="com.selenium.runTHROUGHXML.CheckBox1">
    <skipped/>
  </testcase> <!-- checkboxTest -->
</testsuite> <!-- multiBrowserTest -->
