<?xml version="1.0" encoding="UTF-8"?>
<testng-results skipped="0" failed="0" ignored="0" total="1" passed="1">
  <reporter-output>
  </reporter-output>
  <suite name="Suite" duration-ms="25879" started-at="2020-07-29T15:38:25Z" finished-at="2020-07-29T15:38:50Z">
    <groups>
      <group name="regression">
        <method signature="TC_002.amazon()[pri:0, instance:group.regression.all.TC_002@233fe9b6]" name="amazon" class="group.regression.all.TC_002"/>
      </group> <!-- regression -->
      <group name="sanity">
        <method signature="TC_002.amazon()[pri:0, instance:group.regression.all.TC_002@233fe9b6]" name="amazon" class="group.regression.all.TC_002"/>
      </group> <!-- sanity -->
    </groups>
    <test name="Test" duration-ms="25879" started-at="2020-07-29T15:38:25Z" finished-at="2020-07-29T15:38:50Z">
      <class name="group.regression.all.TC_002">
        <test-method status="PASS" signature="startProcess(java.lang.String)[pri:0, instance:group.regression.all.TC_002@233fe9b6]" name="startProcess" is-config="true" duration-ms="7552" started-at="2020-07-29T15:38:25Z" finished-at="2020-07-29T15:38:32Z">
          <params>
            <param index="0">
              <value>
                <![CDATA[chrome]]>
              </value>
            </param>
          </params>
          <reporter-output>
          </reporter-output>
        </test-method> <!-- startProcess -->
        <test-method status="PASS" signature="amazon()[pri:0, instance:group.regression.all.TC_002@233fe9b6]" name="amazon" duration-ms="17353" started-at="2020-07-29T15:38:32Z" finished-at="2020-07-29T15:38:50Z">
          <reporter-output>
          </reporter-output>
        </test-method> <!-- amazon -->
        <test-method status="PASS" signature="endProcess()[pri:0, instance:group.regression.all.TC_002@233fe9b6]" name="endProcess" is-config="true" duration-ms="937" started-at="2020-07-29T15:38:50Z" finished-at="2020-07-29T15:38:50Z">
          <reporter-output>
          </reporter-output>
        </test-method> <!-- endProcess -->
      </class> <!-- group.regression.all.TC_002 -->
    </test> <!-- Test -->
  </suite> <!-- Suite -->
</testng-results>
